DEBUG:urllib3.connectionpool:Starting new HTTPS connection (1): api.github.com:443
DEBUG:urllib3.connectionpool:https://api.github.com:443 "POST /repos/isdapps/IT-Security-Test/issues HTTP/1.1" 201 5272
DEBUG:urllib3.connectionpool:Starting new HTTPS connection (1): api.github.com:443
DEBUG:urllib3.connectionpool:https://api.github.com:443 "POST /repos/isdapps/IT-Security-Test/issues HTTP/1.1" 201 5265
DEBUG:urllib3.connectionpool:Starting new HTTPS connection (1): api.github.com:443
DEBUG:urllib3.connectionpool:https://api.github.com:443 "POST /repos/isdapps/IT-Security-Test/issues HTTP/1.1" 201 5202
DEBUG:urllib3.connectionpool:Starting new HTTPS connection (1): api.github.com:443
DEBUG:urllib3.connectionpool:https://api.github.com:443 "POST /repos/isdapps/IT-Security-Test/issues HTTP/1.1" 201 5723
DEBUG:urllib3.connectionpool:Starting new HTTPS connection (1): api.github.com:443
DEBUG:urllib3.connectionpool:https://api.github.com:443 "POST /repos/isdapps/IT-Security-Test/issues HTTP/1.1" 201 5752
DEBUG:urllib3.connectionpool:Starting new HTTPS connection (1): api.github.com:443
DEBUG:urllib3.connectionpool:https://api.github.com:443 "POST /repos/isdapps/IT-Security-Test/issues HTTP/1.1" 201 5752
DEBUG:urllib3.connectionpool:Starting new HTTPS connection (1): api.github.com:443
DEBUG:urllib3.connectionpool:https://api.github.com:443 "POST /repos/isdapps/IT-Security-Test/issues HTTP/1.1" 201 5715
DEBUG:urllib3.connectionpool:Starting new HTTPS connection (1): api.github.com:443
DEBUG:urllib3.connectionpool:https://api.github.com:443 "POST /repos/isdapps/IT-Security-Test/issues HTTP/1.1" 201 5167
DEBUG:urllib3.connectionpool:Starting new HTTPS connection (1): api.github.com:443
DEBUG:urllib3.connectionpool:https://api.github.com:443 "POST /repos/isdapps/IT-Security-Test/issues HTTP/1.1" 201 5104
DEBUG:urllib3.connectionpool:Starting new HTTPS connection (1): api.github.com:443
DEBUG:urllib3.connectionpool:https://api.github.com:443 "POST /repos/isdapps/IT-Security-Test/issues HTTP/1.1" 201 5052
DEBUG:urllib3.connectionpool:Starting new HTTPS connection (1): api.github.com:443
DEBUG:urllib3.connectionpool:https://api.github.com:443 "POST /repos/isdapps/IT-Security-Test/issues HTTP/1.1" 201 5059
DEBUG:urllib3.connectionpool:Starting new HTTPS connection (1): api.github.com:443
DEBUG:urllib3.connectionpool:https://api.github.com:443 "POST /repos/isdapps/IT-Security-Test/issues HTTP/1.1" 201 5053
DEBUG:urllib3.connectionpool:Starting new HTTPS connection (1): api.github.com:443
DEBUG:urllib3.connectionpool:https://api.github.com:443 "POST /repos/isdapps/IT-Security-Test/issues HTTP/1.1" 201 5051
DEBUG:urllib3.connectionpool:Starting new HTTPS connection (1): api.github.com:443
DEBUG:urllib3.connectionpool:https://api.github.com:443 "POST /repos/isdapps/IT-Security-Test/issues HTTP/1.1" 201 5053
DEBUG:urllib3.connectionpool:Starting new HTTPS connection (1): api.github.com:443
DEBUG:urllib3.connectionpool:https://api.github.com:443 "POST /repos/isdapps/IT-Security-Test/issues HTTP/1.1" 201 5050
DEBUG:urllib3.connectionpool:Starting new HTTPS connection (1): api.github.com:443
DEBUG:urllib3.connectionpool:https://api.github.com:443 "POST /repos/isdapps/IT-Security-Test/issues HTTP/1.1" 201 5088
DEBUG:urllib3.connectionpool:Starting new HTTPS connection (1): api.github.com:443
DEBUG:urllib3.connectionpool:https://api.github.com:443 "POST /repos/isdapps/IT-Security-Test/issues HTTP/1.1" 201 5175
DEBUG:urllib3.connectionpool:Starting new HTTPS connection (1): api.github.com:443
DEBUG:urllib3.connectionpool:https://api.github.com:443 "POST /repos/isdapps/IT-Security-Test/issues HTTP/1.1" 201 5096
DEBUG:urllib3.connectionpool:Starting new HTTPS connection (1): api.github.com:443
DEBUG:urllib3.connectionpool:https://api.github.com:443 "POST /repos/isdapps/IT-Security-Test/issues HTTP/1.1" 201 5108
DEBUG:urllib3.connectionpool:Starting new HTTPS connection (1): api.github.com:443
DEBUG:urllib3.connectionpool:https://api.github.com:443 "POST /repos/isdapps/IT-Security-Test/issues HTTP/1.1" 201 5102
DEBUG:urllib3.connectionpool:Starting new HTTPS connection (1): api.github.com:443
DEBUG:urllib3.connectionpool:https://api.github.com:443 "POST /repos/isdapps/IT-Security-Test/issues HTTP/1.1" 201 5101
DEBUG:urllib3.connectionpool:Starting new HTTPS connection (1): api.github.com:443
DEBUG:urllib3.connectionpool:https://api.github.com:443 "POST /repos/isdapps/IT-Security-Test/issues HTTP/1.1" 201 5064
DEBUG:urllib3.connectionpool:Starting new HTTPS connection (1): api.github.com:443
DEBUG:urllib3.connectionpool:https://api.github.com:443 "POST /repos/isdapps/IT-Security-Test/issues HTTP/1.1" 201 5114
DEBUG:urllib3.connectionpool:Starting new HTTPS connection (1): api.github.com:443
DEBUG:urllib3.connectionpool:https://api.github.com:443 "POST /repos/isdapps/IT-Security-Test/issues HTTP/1.1" 201 4999
DEBUG:urllib3.connectionpool:Starting new HTTPS connection (1): api.github.com:443
DEBUG:urllib3.connectionpool:https://api.github.com:443 "POST /repos/isdapps/IT-Security-Test/issues HTTP/1.1" 201 5036
DEBUG:urllib3.connectionpool:Starting new HTTPS connection (1): api.github.com:443
DEBUG:urllib3.connectionpool:https://api.github.com:443 "POST /repos/isdapps/IT-Security-Test/issues HTTP/1.1" 201 5023
DEBUG:urllib3.connectionpool:Starting new HTTPS connection (1): api.github.com:443
DEBUG:urllib3.connectionpool:https://api.github.com:443 "POST /repos/isdapps/IT-Security-Test/issues HTTP/1.1" 201 5027
DEBUG:urllib3.connectionpool:Starting new HTTPS connection (1): api.github.com:443
DEBUG:urllib3.connectionpool:https://api.github.com:443 "POST /repos/isdapps/IT-Security-Test/issues HTTP/1.1" 201 5031
DEBUG:urllib3.connectionpool:Starting new HTTPS connection (1): api.github.com:443
DEBUG:urllib3.connectionpool:https://api.github.com:443 "POST /repos/isdapps/IT-Security-Test/issues HTTP/1.1" 201 5043
DEBUG:urllib3.connectionpool:Starting new HTTPS connection (1): api.github.com:443
DEBUG:urllib3.connectionpool:https://api.github.com:443 "POST /repos/isdapps/IT-Security-Test/issues HTTP/1.1" 201 5037
DEBUG:urllib3.connectionpool:Starting new HTTPS connection (1): api.github.com:443
DEBUG:urllib3.connectionpool:https://api.github.com:443 "POST /repos/isdapps/IT-Security-Test/issues HTTP/1.1" 201 5036
DEBUG:urllib3.connectionpool:Starting new HTTPS connection (1): api.github.com:443
DEBUG:urllib3.connectionpool:https://api.github.com:443 "POST /repos/isdapps/IT-Security-Test/issues HTTP/1.1" 201 4999
DEBUG:urllib3.connectionpool:Starting new HTTPS connection (1): api.github.com:443
DEBUG:urllib3.connectionpool:https://api.github.com:443 "POST /repos/isdapps/IT-Security-Test/issues HTTP/1.1" 201 4997
DEBUG:urllib3.connectionpool:Starting new HTTPS connection (1): api.github.com:443
DEBUG:urllib3.connectionpool:https://api.github.com:443 "POST /repos/isdapps/IT-Security-Test/issues HTTP/1.1" 201 5096
DEBUG:urllib3.connectionpool:Starting new HTTPS connection (1): api.github.com:443
DEBUG:urllib3.connectionpool:https://api.github.com:443 "POST /repos/isdapps/IT-Security-Test/issues HTTP/1.1" 201 5165
DEBUG:urllib3.connectionpool:Starting new HTTPS connection (1): api.github.com:443
DEBUG:urllib3.connectionpool:https://api.github.com:443 "POST /repos/isdapps/IT-Security-Test/issues HTTP/1.1" 201 5103
DEBUG:urllib3.connectionpool:Starting new HTTPS connection (1): api.github.com:443
DEBUG:urllib3.connectionpool:https://api.github.com:443 "POST /repos/isdapps/IT-Security-Test/issues HTTP/1.1" 201 5062
DEBUG:urllib3.connectionpool:Starting new HTTPS connection (1): api.github.com:443
DEBUG:urllib3.connectionpool:https://api.github.com:443 "POST /repos/isdapps/IT-Security-Test/issues HTTP/1.1" 201 5064
DEBUG:urllib3.connectionpool:Starting new HTTPS connection (1): api.github.com:443
DEBUG:urllib3.connectionpool:https://api.github.com:443 "POST /repos/isdapps/IT-Security-Test/issues HTTP/1.1" 201 5044
DEBUG:urllib3.connectionpool:Starting new HTTPS connection (1): api.github.com:443
DEBUG:urllib3.connectionpool:https://api.github.com:443 "POST /repos/isdapps/IT-Security-Test/issues HTTP/1.1" 201 5060
DEBUG:urllib3.connectionpool:Starting new HTTPS connection (1): api.github.com:443
DEBUG:urllib3.connectionpool:https://api.github.com:443 "POST /repos/isdapps/IT-Security-Test/issues HTTP/1.1" 201 5060
DEBUG:urllib3.connectionpool:Starting new HTTPS connection (1): api.github.com:443
DEBUG:urllib3.connectionpool:https://api.github.com:443 "POST /repos/isdapps/IT-Security-Test/issues HTTP/1.1" 201 5081
DEBUG:urllib3.connectionpool:Starting new HTTPS connection (1): api.github.com:443
DEBUG:urllib3.connectionpool:https://api.github.com:443 "POST /repos/isdapps/IT-Security-Test/issues HTTP/1.1" 201 5155
DEBUG:urllib3.connectionpool:Starting new HTTPS connection (1): api.github.com:443
DEBUG:urllib3.connectionpool:https://api.github.com:443 "POST /repos/isdapps/IT-Security-Test/issues HTTP/1.1" 201 5155
DEBUG:urllib3.connectionpool:Starting new HTTPS connection (1): api.github.com:443
DEBUG:urllib3.connectionpool:https://api.github.com:443 "POST /repos/isdapps/IT-Security-Test/issues HTTP/1.1" 201 5155
DEBUG:urllib3.connectionpool:Starting new HTTPS connection (1): api.github.com:443
DEBUG:urllib3.connectionpool:https://api.github.com:443 "POST /repos/isdapps/IT-Security-Test/issues HTTP/1.1" 201 5156
DEBUG:urllib3.connectionpool:Starting new HTTPS connection (1): api.github.com:443
DEBUG:urllib3.connectionpool:https://api.github.com:443 "POST /repos/isdapps/IT-Security-Test/issues HTTP/1.1" 201 5154
DEBUG:urllib3.connectionpool:Starting new HTTPS connection (1): api.github.com:443
DEBUG:urllib3.connectionpool:https://api.github.com:443 "POST /repos/isdapps/IT-Security-Test/issues HTTP/1.1" 201 5154
DEBUG:urllib3.connectionpool:Starting new HTTPS connection (1): api.github.com:443
DEBUG:urllib3.connectionpool:https://api.github.com:443 "POST /repos/isdapps/IT-Security-Test/issues HTTP/1.1" 201 5156
DEBUG:urllib3.connectionpool:Starting new HTTPS connection (1): api.github.com:443
DEBUG:urllib3.connectionpool:https://api.github.com:443 "POST /repos/isdapps/IT-Security-Test/issues HTTP/1.1" 201 5155
DEBUG:urllib3.connectionpool:Starting new HTTPS connection (1): api.github.com:443
DEBUG:urllib3.connectionpool:https://api.github.com:443 "POST /repos/isdapps/IT-Security-Test/issues HTTP/1.1" 201 5076
DEBUG:urllib3.connectionpool:Starting new HTTPS connection (1): api.github.com:443
DEBUG:urllib3.connectionpool:https://api.github.com:443 "POST /repos/isdapps/IT-Security-Test/issues HTTP/1.1" 201 5083
DEBUG:urllib3.connectionpool:Starting new HTTPS connection (1): api.github.com:443
DEBUG:urllib3.connectionpool:https://api.github.com:443 "POST /repos/isdapps/IT-Security-Test/issues HTTP/1.1" 201 5050
DEBUG:urllib3.connectionpool:Starting new HTTPS connection (1): api.github.com:443
DEBUG:urllib3.connectionpool:https://api.github.com:443 "POST /repos/isdapps/IT-Security-Test/issues HTTP/1.1" 201 5051
DEBUG:urllib3.connectionpool:Starting new HTTPS connection (1): api.github.com:443
DEBUG:urllib3.connectionpool:https://api.github.com:443 "POST /repos/isdapps/IT-Security-Test/issues HTTP/1.1" 201 5085
DEBUG:urllib3.connectionpool:Starting new HTTPS connection (1): api.github.com:443
DEBUG:urllib3.connectionpool:https://api.github.com:443 "POST /repos/isdapps/IT-Security-Test/issues HTTP/1.1" 201 5076
DEBUG:urllib3.connectionpool:Starting new HTTPS connection (1): api.github.com:443
DEBUG:urllib3.connectionpool:https://api.github.com:443 "POST /repos/isdapps/IT-Security-Test/issues HTTP/1.1" 201 5076
DEBUG:urllib3.connectionpool:Starting new HTTPS connection (1): api.github.com:443
DEBUG:urllib3.connectionpool:https://api.github.com:443 "POST /repos/isdapps/IT-Security-Test/issues HTTP/1.1" 201 5046
DEBUG:urllib3.connectionpool:Starting new HTTPS connection (1): api.github.com:443
DEBUG:urllib3.connectionpool:https://api.github.com:443 "POST /repos/isdapps/IT-Security-Test/issues HTTP/1.1" 201 5083
DEBUG:urllib3.connectionpool:Starting new HTTPS connection (1): api.github.com:443
DEBUG:urllib3.connectionpool:https://api.github.com:443 "POST /repos/isdapps/IT-Security-Test/issues HTTP/1.1" 201 5085
DEBUG:urllib3.connectionpool:Starting new HTTPS connection (1): api.github.com:443
DEBUG:urllib3.connectionpool:https://api.github.com:443 "POST /repos/isdapps/IT-Security-Test/issues HTTP/1.1" 201 5083
DEBUG:urllib3.connectionpool:Starting new HTTPS connection (1): api.github.com:443
DEBUG:urllib3.connectionpool:https://api.github.com:443 "POST /repos/isdapps/IT-Security-Test/issues HTTP/1.1" 201 5085
DEBUG:urllib3.connectionpool:Starting new HTTPS connection (1): api.github.com:443
DEBUG:urllib3.connectionpool:https://api.github.com:443 "POST /repos/isdapps/IT-Security-Test/issues HTTP/1.1" 201 5083
DEBUG:urllib3.connectionpool:Starting new HTTPS connection (1): api.github.com:443
DEBUG:urllib3.connectionpool:https://api.github.com:443 "POST /repos/isdapps/IT-Security-Test/issues HTTP/1.1" 201 5085
DEBUG:urllib3.connectionpool:Starting new HTTPS connection (1): api.github.com:443
DEBUG:urllib3.connectionpool:https://api.github.com:443 "POST /repos/isdapps/IT-Security-Test/issues HTTP/1.1" 201 5083
DEBUG:urllib3.connectionpool:Starting new HTTPS connection (1): api.github.com:443
INFO:root:Start Logging
INFO:root:Successfully Connect to API
INFO:root:Create issue
INFO:root:Initialize issue
